{"level":"info","message":"Server running on port 3001","timestamp":"2024-12-16T18:01:25.064Z"}
{"level":"info","message":"Server running on port 3001","timestamp":"2024-12-16T18:15:00.305Z"}
{"level":"info","message":"Game started","players":["hi","h","f","das"],"roomCode":"9BD4BF","timestamp":"2024-12-16T18:19:24.741Z"}
{"level":"info","message":"Server running on port 3001","timestamp":"2024-12-16T19:56:00.911Z"}
{"level":"info","message":"Server running on port 3001","timestamp":"2024-12-16T19:56:50.786Z"}
{"level":"info","message":"Server running on port 3001","timestamp":"2024-12-16T19:57:31.051Z"}
{"level":"info","message":"Game started","players":["hi","kal","h","l"],"roomCode":"3F5F15","timestamp":"2024-12-16T20:08:19.044Z"}
{"level":"info","message":"Server running on port 3001","timestamp":"2024-12-16T20:22:47.040Z"}
{"level":"info","message":"Server running on port 3001","timestamp":"2024-12-16T20:23:33.272Z"}
{"level":"info","message":"Server running on port 3001","timestamp":"2024-12-16T20:25:27.603Z"}
{"level":"info","message":"Server running on port 3001","timestamp":"2024-12-16T20:25:58.432Z"}
{"level":"info","message":"Server running on port 3001","timestamp":"2024-12-16T20:27:05.423Z"}
{"level":"info","message":"Server running on port 3001","timestamp":"2024-12-16T20:27:29.265Z"}
{"level":"info","message":"Server running on port 3001","timestamp":"2024-12-16T20:34:08.727Z"}
{"level":"info","message":"Server running on port 3001","timestamp":"2024-12-16T20:35:58.451Z"}
{"level":"info","message":"Server running on port 3001","timestamp":"2024-12-16T20:48:56.423Z"}
{"level":"info","message":"Server running on port 3001","timestamp":"2024-12-16T21:54:49.079Z"}
{"level":"info","message":"Server running on port 3001","timestamp":"2024-12-16T21:55:49.385Z"}
{"level":"info","message":"Server running on port 3001","timestamp":"2024-12-16T21:56:19.317Z"}
{"level":"info","message":"Server running on port 3001","timestamp":"2024-12-16T21:56:31.092Z"}
{"level":"info","message":"Server running on port 3001","timestamp":"2024-12-16T21:57:02.457Z"}
{"level":"info","message":"Server running on port 3001","timestamp":"2024-12-16T21:57:25.760Z"}
{"level":"info","message":"Server running on port 3001","timestamp":"2024-12-16T21:57:37.056Z"}
{"level":"info","message":"Server running on port 3001","timestamp":"2024-12-16T21:57:45.982Z"}
{"level":"info","message":"Server running on port 3001","timestamp":"2024-12-16T21:58:06.990Z"}
{"level":"info","message":"Server running on port 3001","timestamp":"2024-12-16T21:58:26.002Z"}
{"level":"info","message":"Server running on port 3001","timestamp":"2024-12-16T21:58:46.041Z"}
{"level":"info","message":"Server running on port 3001","timestamp":"2024-12-16T21:59:04.381Z"}
{"level":"info","message":"Server running on port 3001","timestamp":"2024-12-16T21:59:13.250Z"}
{"level":"info","message":"Server running on port 3001","timestamp":"2024-12-16T21:59:29.776Z"}
{"level":"info","message":"Server running on port 3001","timestamp":"2024-12-16T21:59:40.848Z"}
{"level":"info","message":"Server running on port 3001","timestamp":"2024-12-16T22:00:02.412Z"}
{"level":"info","message":"Server running on port 3001","timestamp":"2024-12-16T22:00:19.866Z"}
{"level":"info","message":"Server running on port 3001","timestamp":"2024-12-16T22:00:44.039Z"}
{"level":"info","message":"Server running on port 3001","timestamp":"2024-12-16T22:00:59.696Z"}
{"level":"info","message":"Server running on port 3001","timestamp":"2024-12-16T22:01:08.954Z"}
{"level":"info","message":"Server running on port 3001","timestamp":"2024-12-16T22:01:34.552Z"}
{"level":"info","message":"Server running on port 3001","timestamp":"2024-12-16T22:01:54.966Z"}
{"level":"info","message":"Server running on port 3001","timestamp":"2024-12-16T22:02:21.964Z"}
{"level":"info","message":"Server running on port 3001","timestamp":"2024-12-16T22:03:20.624Z"}
{"level":"info","message":"Server running on port 3001","timestamp":"2024-12-16T22:04:21.498Z"}
{"level":"info","message":"Server running on port 3001","timestamp":"2024-12-16T22:05:53.896Z"}
{"level":"info","message":"Server running on port 3001","timestamp":"2024-12-16T22:06:35.355Z"}
{"level":"info","message":"Server running on port 3001","timestamp":"2024-12-16T22:06:58.491Z"}
{"level":"info","message":"Server running on port 3001","timestamp":"2024-12-16T22:07:41.774Z"}
{"level":"info","message":"Server running on port 3001","timestamp":"2024-12-16T22:08:12.812Z"}
{"level":"info","message":"Server running on port 3001","timestamp":"2024-12-16T22:09:08.225Z"}
{"level":"info","message":"Server running on port 3001","timestamp":"2024-12-16T22:09:47.211Z"}
{"level":"info","message":"Server running on port 3001","timestamp":"2024-12-16T22:11:01.612Z"}
{"level":"info","message":"Server running on port 3001","timestamp":"2024-12-16T22:11:33.606Z"}
{"level":"info","message":"Server running on port 3001","timestamp":"2024-12-16T22:12:04.402Z"}
{"level":"info","message":"Server running on port 3001","timestamp":"2024-12-16T22:12:49.291Z"}
{"level":"info","message":"Server running on port 3001","timestamp":"2024-12-16T22:14:40.036Z"}
{"level":"info","message":"Server running on port 3001","timestamp":"2024-12-16T22:15:25.934Z"}
{"level":"info","message":"Server running on port 3001","timestamp":"2024-12-16T22:15:59.219Z"}
{"level":"info","message":"Server running on port 3001","timestamp":"2024-12-16T22:16:53.406Z"}
{"level":"info","message":"Server running on port 3001","timestamp":"2024-12-16T22:18:41.678Z"}
{"level":"info","message":"Server running on port 3001","timestamp":"2024-12-16T22:19:28.038Z"}
{"level":"info","message":"Server running on port 3001","timestamp":"2024-12-16T22:19:55.019Z"}
{"level":"info","message":"Server running on port 3001","timestamp":"2024-12-16T22:24:42.800Z"}
{"level":"info","message":"Game started","players":["w","wa","wasda","wasdadasdad"],"roomCode":"9287FC","timestamp":"2024-12-16T22:26:33.408Z"}
{"level":"info","message":"Server running on port 3001","timestamp":"2024-12-16T22:27:33.506Z"}
{"level":"info","message":"Game started","players":[null,"wdasd","dsadsa","adsadfasfdsaf"],"roomCode":"06051F","timestamp":"2024-12-16T22:27:47.226Z"}
{"level":"info","message":"Game started","players":[null,"dwads","dsa","sdad"],"roomCode":"5411FA","timestamp":"2024-12-16T22:32:46.698Z"}
{"level":"info","message":"Server running on port 3001","timestamp":"2024-12-16T22:33:00.111Z"}
{"level":"info","message":"Server running on port 3001","timestamp":"2024-12-16T22:35:45.278Z"}
{"level":"info","message":"Server running on port 3001","timestamp":"2024-12-16T22:35:59.979Z"}
{"level":"info","message":"Server running on port 3001","timestamp":"2024-12-16T22:37:57.990Z"}
{"level":"info","message":"Server running on port 3001","timestamp":"2024-12-16T22:45:47.232Z"}
{"level":"info","message":"Server running on port 3001","timestamp":"2024-12-16T22:46:12.120Z"}
{"level":"info","message":"Server running on port 3001","timestamp":"2024-12-16T22:51:49.997Z"}
{"level":"info","message":"Server running on port 3001","timestamp":"2024-12-16T22:52:35.701Z"}
{"level":"info","message":"Server running on port 3001","timestamp":"2024-12-16T22:53:26.526Z"}
{"level":"info","message":"Server running on port 3001","timestamp":"2024-12-16T22:54:32.594Z"}
{"level":"info","message":"Server running on port 3001","timestamp":"2024-12-16T22:54:53.223Z"}
{"level":"info","message":"Server running on port 3001","timestamp":"2024-12-16T22:55:21.144Z"}
{"level":"info","message":"Server running on port 3001","timestamp":"2024-12-16T22:55:55.809Z"}
{"level":"info","message":"Server running on port 3001","timestamp":"2024-12-16T22:56:32.483Z"}
{"level":"info","message":"Server running on port 3001","timestamp":"2024-12-16T22:57:16.637Z"}
{"level":"info","message":"Server running on port 3001","timestamp":"2024-12-16T23:03:35.530Z"}
{"level":"info","message":"Server running on port 3001","timestamp":"2024-12-16T23:12:23.670Z"}
{"level":"info","message":"Server running on port 3001","timestamp":"2024-12-16T23:14:14.194Z"}
{"level":"info","message":"Server running on port 3001","timestamp":"2024-12-16T23:14:49.554Z"}
{"level":"info","message":"Server running on port 3001","timestamp":"2024-12-16T23:16:09.554Z"}
{"level":"info","message":"Server running on port 3001","timestamp":"2024-12-16T23:16:41.408Z"}
{"level":"info","message":"Server running on port 3001","timestamp":"2024-12-16T23:18:10.467Z"}
{"level":"info","message":"Server running on port 3001","timestamp":"2024-12-16T23:19:17.052Z"}
{"level":"info","message":"Server running on port 3001","timestamp":"2024-12-16T23:20:18.198Z"}
{"level":"info","message":"Server running on port 3001","timestamp":"2024-12-16T23:20:50.124Z"}
{"level":"info","message":"Server running on port 3001","timestamp":"2024-12-16T23:21:29.472Z"}
{"level":"info","message":"Server running on port 3001","timestamp":"2024-12-16T23:21:49.341Z"}
{"level":"info","message":"Server running on port 3001","timestamp":"2024-12-16T23:24:08.568Z"}
{"level":"info","message":"Server running on port 3001","timestamp":"2024-12-16T23:24:51.054Z"}
{"level":"info","message":"Server running on port 3001","timestamp":"2024-12-16T23:25:27.146Z"}
{"level":"info","message":"Server running on port 3001","timestamp":"2024-12-16T23:25:38.791Z"}
{"level":"info","message":"Server running on port 3001","timestamp":"2024-12-16T23:30:35.794Z"}
{"level":"info","message":"Server running on port 3001","timestamp":"2024-12-16T23:31:04.883Z"}
{"level":"info","message":"Server running on port 3001","timestamp":"2024-12-16T23:36:30.910Z"}
{"level":"info","message":"Server running on port 3001","timestamp":"2024-12-16T23:37:57.507Z"}
{"level":"info","message":"Server running on port 3001","timestamp":"2024-12-16T23:38:56.650Z"}
{"level":"info","message":"Server running on port 3001","timestamp":"2024-12-16T23:39:46.396Z"}
{"level":"info","message":"Server running on port 3001","timestamp":"2024-12-16T23:40:59.185Z"}
{"level":"info","message":"Server running on port 3001","timestamp":"2024-12-16T23:41:42.135Z"}
{"level":"info","message":"Server running on port 3001","timestamp":"2024-12-16T23:42:38.143Z"}
{"level":"info","message":"Server running on port 3001","timestamp":"2024-12-16T23:44:18.468Z"}
{"level":"info","message":"Server running on port 3001","timestamp":"2024-12-16T23:44:45.516Z"}
{"level":"info","message":"Server running on port 3001","timestamp":"2024-12-16T23:47:40.070Z"}
{"level":"info","message":"Server running on port 3001","timestamp":"2024-12-16T23:48:07.440Z"}
{"level":"info","message":"Game started","players":["zx","xc","cv","vb"],"roomCode":"FD79AE","timestamp":"2024-12-16T23:48:23.583Z"}
{"level":"info","message":"Game started","players":["zx","xc","cv","vb"],"roomCode":"E5B767","timestamp":"2024-12-16T23:49:19.015Z"}
{"level":"info","message":"Server running on port 3001","timestamp":"2024-12-16T23:50:43.708Z"}
{"level":"info","message":"Game started","players":["zx","xc"],"roomCode":"45CF37","timestamp":"2024-12-16T23:50:51.013Z"}
{"level":"info","message":"Server running on port 3001","timestamp":"2024-12-16T23:51:25.223Z"}
{"level":"info","message":"Server running on port 3001","timestamp":"2024-12-16T23:51:41.045Z"}
{"level":"info","message":"Game started","players":["zx","xc"],"roomCode":"B06B7B","timestamp":"2024-12-16T23:51:49.914Z"}
{"level":"info","message":"Game started","players":["zx","xc"],"roomCode":"E0965C","timestamp":"2024-12-16T23:53:57.450Z"}
{"level":"info","message":"Server running on port 3001","timestamp":"2024-12-16T23:57:43.037Z"}
{"level":"info","message":"Game started","players":["zx","xc"],"roomCode":"C93837","timestamp":"2024-12-16T23:57:50.515Z"}
{"level":"info","message":"Server running on port 3001","timestamp":"2024-12-17T00:01:05.665Z"}
{"level":"info","message":"Game started","players":["zx","xc"],"roomCode":"B194F9","timestamp":"2024-12-17T00:01:15.107Z"}
{"level":"info","message":"Server running on port 3001","timestamp":"2024-12-17T00:03:08.586Z"}
{"level":"info","message":"Game started","players":["zx","xc"],"roomCode":"6E5CEC","timestamp":"2024-12-17T00:03:19.344Z"}
